<?xml version="1.0" encoding="UTF-8"?>
<testsuite name="ComputerRepairRequestTest" tests="2" skipped="0" failures="0" errors="0" timestamp="2024-03-06T10:29:06" hostname="DESKTOP-K5RTQGH" time="0.023">
  <properties/>
  <testcase name="Test 1" classname="ComputerRepairRequestTest" time="0.021"/>
  <testcase name="Test 2" classname="ComputerRepairRequestTest" time="0.001"/>
  <system-out><![CDATA[]]></system-out>
  <system-err><![CDATA[]]></system-err>
</testsuite>
